0 info it worked if it ends with ok
1 verbose cli [ 'C:\\Program Files (x86)\\nodejs\\\\node.exe',
1 verbose cli   'C:\\Program Files (x86)\\nodejs\\node_modules\\npm\\bin\\npm-cli.js',
1 verbose cli   'install',
1 verbose cli   'expres3-handlebars@0.5',
1 verbose cli   '--save' ]
2 info using npm@1.4.28
3 info using node@v0.10.36
4 verbose node symlink C:\Program Files (x86)\nodejs\\node.exe
5 warn package.json NodeAPI_With_MongoDB@1.0.0 No repository field.
6 warn package.json NodeAPI_With_MongoDB@1.0.0 No README data
7 verbose readDependencies using package.json deps
8 verbose cache add [ 'expres3-handlebars@0.5', null ]
9 verbose cache add name=undefined spec="expres3-handlebars@0.5" args=["expres3-handlebars@0.5",null]
10 verbose parsed url { protocol: null,
10 verbose parsed url   slashes: null,
10 verbose parsed url   auth: null,
10 verbose parsed url   host: null,
10 verbose parsed url   port: null,
10 verbose parsed url   hostname: null,
10 verbose parsed url   hash: null,
10 verbose parsed url   search: null,
10 verbose parsed url   query: null,
10 verbose parsed url   pathname: 'expres3-handlebars@0.5',
10 verbose parsed url   path: 'expres3-handlebars@0.5',
10 verbose parsed url   href: 'expres3-handlebars@0.5' }
11 verbose cache add name="expres3-handlebars" spec="0.5" args=["expres3-handlebars","0.5"]
12 verbose parsed url { protocol: null,
12 verbose parsed url   slashes: null,
12 verbose parsed url   auth: null,
12 verbose parsed url   host: null,
12 verbose parsed url   port: null,
12 verbose parsed url   hostname: null,
12 verbose parsed url   hash: null,
12 verbose parsed url   search: null,
12 verbose parsed url   query: null,
12 verbose parsed url   pathname: '0.5',
12 verbose parsed url   path: '0.5',
12 verbose parsed url   href: '0.5' }
13 verbose addNamed [ 'expres3-handlebars', '0.5' ]
14 verbose addNamed [ null, '>=0.5.0-0 <0.6.0-0' ]
15 silly lockFile 60b179e9-expres3-handlebars-0-5 expres3-handlebars@0.5
16 verbose lock expres3-handlebars@0.5 C:\Users\Matthew\AppData\Roaming\npm-cache\60b179e9-expres3-handlebars-0-5.lock
17 silly addNameRange { name: 'expres3-handlebars',
17 silly addNameRange   range: '>=0.5.0-0 <0.6.0-0',
17 silly addNameRange   hasData: false }
18 verbose request where is /expres3-handlebars
19 verbose request registry https://registry.npmjs.org/
20 verbose request id 9c6938630c53eb35
21 verbose url raw /expres3-handlebars
22 verbose url resolving [ 'https://registry.npmjs.org/', './expres3-handlebars' ]
23 verbose url resolved https://registry.npmjs.org/expres3-handlebars
24 verbose request where is https://registry.npmjs.org/expres3-handlebars
25 info trying registry request attempt 1 at 13:53:36
26 http GET https://registry.npmjs.org/expres3-handlebars
27 http 404 https://registry.npmjs.org/expres3-handlebars
28 verbose headers { date: 'Wed, 08 Apr 2015 20:53:33 GMT',
28 verbose headers   server: 'CouchDB/1.5.0 (Erlang OTP/R16B03)',
28 verbose headers   'content-type': 'application/json',
28 verbose headers   'cache-control': 'max-age=0',
28 verbose headers   'content-length': '51',
28 verbose headers   'accept-ranges': 'bytes',
28 verbose headers   via: '1.1 varnish',
28 verbose headers   age: '0',
28 verbose headers   'x-served-by': 'cache-lax1422-LAX',
28 verbose headers   'x-cache': 'MISS',
28 verbose headers   'x-cache-hits': '0',
28 verbose headers   'x-timer': 'S1428526413.857456,VS0,VE48',
28 verbose headers   'keep-alive': 'timeout=10, max=50',
28 verbose headers   connection: 'Keep-Alive' }
29 silly registry.get cb [ 404,
29 silly registry.get   { date: 'Wed, 08 Apr 2015 20:53:33 GMT',
29 silly registry.get     server: 'CouchDB/1.5.0 (Erlang OTP/R16B03)',
29 silly registry.get     'content-type': 'application/json',
29 silly registry.get     'cache-control': 'max-age=0',
29 silly registry.get     'content-length': '51',
29 silly registry.get     'accept-ranges': 'bytes',
29 silly registry.get     via: '1.1 varnish',
29 silly registry.get     age: '0',
29 silly registry.get     'x-served-by': 'cache-lax1422-LAX',
29 silly registry.get     'x-cache': 'MISS',
29 silly registry.get     'x-cache-hits': '0',
29 silly registry.get     'x-timer': 'S1428526413.857456,VS0,VE48',
29 silly registry.get     'keep-alive': 'timeout=10, max=50',
29 silly registry.get     connection: 'Keep-Alive' } ]
30 silly lockFile 60b179e9-expres3-handlebars-0-5 expres3-handlebars@0.5
31 silly lockFile 60b179e9-expres3-handlebars-0-5 expres3-handlebars@0.5
32 error 404 404 Not Found: expres3-handlebars
32 error 404
32 error 404 'expres3-handlebars' is not in the npm registry.
32 error 404 You should bug the author to publish it
32 error 404 It was specified as a dependency of 'NodeAPI_With_MongoDB'
32 error 404
32 error 404 Note that you can also install from a
32 error 404 tarball, folder, or http url, or git url.
33 error System Windows_NT 6.1.7601
34 error command "C:\\Program Files (x86)\\nodejs\\\\node.exe" "C:\\Program Files (x86)\\nodejs\\node_modules\\npm\\bin\\npm-cli.js" "install" "expres3-handlebars@0.5" "--save"
35 error cwd C:\Users\Matthew\Dropbox\Programming\JS_Projects\NodeAPI_With_MongoDB
36 error node -v v0.10.36
37 error npm -v 1.4.28
38 error code E404
39 verbose exit [ 1, true ]
